Using pre-set license
Built from '2020.2/release' branch; Version is '2020.2.2f1 (068178b99f32) revision 426360'; Using compiler version '192528614'; Build Type 'Release'
OS: 'Windows 10 Home; OS build 19042.867; Version 2009; 64bit' Language: 'en' Physical Memory: 16317 MB
BatchMode: 1, IsHumanControllingUs: 0, StartBugReporterOnCrash: 0, Is64bit: 1, IsPro: 0

 COMMAND LINE ARGUMENTS:
C:\Program Files\2020.2.2f1\Editor\Unity.exe
-adb2
-batchMode
-noUpm
-name
AssetImportWorker0
-projectPath
D:/Users/Gabriel Desroches/Documents/GitHub/Photon Experimentation
-logFile
Logs/AssetImportWorker0.log
-srvPort
56278
Successfully changed project path to: D:/Users/Gabriel Desroches/Documents/GitHub/Photon Experimentation
D:/Users/Gabriel Desroches/Documents/GitHub/Photon Experimentation
Using Asset Import Pipeline V2.
Refreshing native plugins compatible for Editor in 33.30 ms, found 0 plugins.
Preloading 0 native plugins for Editor in 0.00 ms.
Initialize engine version: 2020.2.2f1 (068178b99f32)
[Subsystems] Discovering subsystems at path C:/Program Files/2020.2.2f1/Editor/Data/Resources/UnitySubsystems
[Subsystems] Discovering subsystems at path D:/Users/Gabriel Desroches/Documents/GitHub/Photon Experimentation/Assets
GfxDevice: creating device client; threaded=0
Direct3D:
    Version:  Direct3D 11.0 [level 11.1]
    Renderer: NVIDIA GeForce GTX 1060 6GB (ID=0x1c03)
    Vendor:   
    VRAM:     6052 MB
    Driver:   27.21.14.6172
Initialize mono
Mono path[0] = 'C:/Program Files/2020.2.2f1/Editor/Data/Managed'
Mono path[1] = 'C:/Program Files/2020.2.2f1/Editor/Data/MonoBleedingEdge/lib/mono/unityjit'
Mono config path = 'C:/Program Files/2020.2.2f1/Editor/Data/MonoBleedingEdge/etc'
Using monoOptions --debugger-agent=transport=dt_socket,embedding=1,server=y,suspend=n,address=127.0.0.1:56532
Begin MonoManager ReloadAssembly
Registering precompiled unity dll's ...
Register platform support module: C:/Program Files/2020.2.2f1/Editor/Data/PlaybackEngines/WebGLSupport/UnityEditor.WebGL.Extensions.dll
Register platform support module: C:/Program Files/2020.2.2f1/Editor/Data/PlaybackEngines/WindowsStandaloneSupport/UnityEditor.WindowsStandalone.Extensions.dll
Registered in 0.002458 seconds.
Native extension for WindowsStandalone target not found
Native extension for WebGL target not found
Refreshing native plugins compatible for Editor in 30.68 ms, found 0 plugins.
Preloading 0 native plugins for Editor in 0.00 ms.
Invoked RoslynAnalysisRunner static constructor.
RoslynAnalysisRunner will not be running.
RoslynAnalysisRunner has terminated.
Mono: successfully reloaded assembly
- Completed reload, in  2.117 seconds
Platform modules already initialized, skipping
Registering precompiled user dll's ...
Registered in 0.005678 seconds.
Begin MonoManager ReloadAssembly
Native extension for WindowsStandalone target not found
Native extension for WebGL target not found
Refreshing native plugins compatible for Editor in 0.38 ms, found 0 plugins.
Preloading 0 native plugins for Editor in 0.00 ms.
Invoked RoslynAnalysisRunner static constructor.
RoslynAnalysisRunner will not be running.
RoslynAnalysisRunner has terminated.
Mono: successfully reloaded assembly
- Completed reload, in  1.104 seconds
Platform modules already initialized, skipping
========================================================================
Worker process is ready to serve import requests
Launched and connected shader compiler UnityShaderCompiler.exe after 0.05 seconds
Refreshing native plugins compatible for Editor in 0.28 ms, found 0 plugins.
Preloading 0 native plugins for Editor in 0.00 ms.
Unloading 1324 Unused Serialized files (Serialized files now loaded: 0)
System memory in use before: 63.7 MB.
System memory in use after: 63.8 MB.

Unloading 16 unused Assets to reduce memory usage. Loaded Objects now: 1761.
Total: 1.950600 ms (FindLiveObjects: 0.262600 ms CreateObjectMapping: 0.081900 ms MarkObjects: 1.511800 ms  DeleteObjects: 0.093100 ms)

========================================================================
Received Import Request.
  path: Assets/Scripts/GameManager.cs
  artifactKey: Guid(8c557723e13c16b49a46d7e017d56427) Importer(815301076,1909f56bfc062723c751e8b465ee728b)
Start importing Assets/Scripts/GameManager.cs using Guid(8c557723e13c16b49a46d7e017d56427) Importer(815301076,1909f56bfc062723c751e8b465ee728b)  -> (artifact id: '1362161f01e31e4d88d9540a15432472') in 0.027903 seconds
  Import took 0.032330 seconds .

========================================================================
Received Import Request.
  Time since last request: 16864.288954 seconds.
  path: Assets/New Folder
  artifactKey: Guid(219d030643f93c4428f34ff25be44c7a) Importer(815301076,1909f56bfc062723c751e8b465ee728b)
Start importing Assets/New Folder using Guid(219d030643f93c4428f34ff25be44c7a) Importer(815301076,1909f56bfc062723c751e8b465ee728b)  -> (artifact id: 'b3190cdb416b9b2dd2838df7b67aaa62') in 0.008653 seconds
  Import took 0.044934 seconds .

========================================================================
Received Import Request.
  Time since last request: 73.655491 seconds.
  path: Assets/Scenes/Kyle Test.unity
  artifactKey: Guid(dc64b20f257b23f44bb8dc7aeb33aca5) Importer(815301076,1909f56bfc062723c751e8b465ee728b)
Start importing Assets/Scenes/Kyle Test.unity using Guid(dc64b20f257b23f44bb8dc7aeb33aca5) Importer(815301076,1909f56bfc062723c751e8b465ee728b)  -> (artifact id: 'c40046742132f37749577db96f2a4b6b') in 0.056877 seconds
  Import took 0.060233 seconds .

========================================================================
Received Import Request.
  Time since last request: 29.009586 seconds.
  path: Assets/Photon/PhotonUnityNetworking/Demos
  artifactKey: Guid(cb8ec42b3fa78bd4f9a20b7de289d9cd) Importer(815301076,1909f56bfc062723c751e8b465ee728b)
Start importing Assets/Photon/PhotonUnityNetworking/Demos using Guid(cb8ec42b3fa78bd4f9a20b7de289d9cd) Importer(815301076,1909f56bfc062723c751e8b465ee728b)  -> (artifact id: 'd4416fee7c404fd5e6bc68d807153c9e') in 0.006367 seconds
  Import took 0.009225 seconds .

========================================================================
Received Import Request.
  Time since last request: 0.062973 seconds.
  path: Assets/Photon/PhotonUnityNetworking/Demos/PhotonUnityNetworking.Demos.asmdef
  artifactKey: Guid(35cc2632df2760540bcc67312740008b) Importer(815301076,1909f56bfc062723c751e8b465ee728b)
Start importing Assets/Photon/PhotonUnityNetworking/Demos/PhotonUnityNetworking.Demos.asmdef using Guid(35cc2632df2760540bcc67312740008b) Importer(815301076,1909f56bfc062723c751e8b465ee728b)  -> (artifact id: 'd84582d2a02017c57bbb4e53eea2024d') in 0.010127 seconds
  Import took 0.013148 seconds .

========================================================================
Received Import Request.
  Time since last request: 2.137209 seconds.
  path: Assets/Photon/PhotonUnityNetworking/Demos/Shared Assets
  artifactKey: Guid(01a8ebbcaee32cd4c883b944fe77e0b9) Importer(815301076,1909f56bfc062723c751e8b465ee728b)
Start importing Assets/Photon/PhotonUnityNetworking/Demos/Shared Assets using Guid(01a8ebbcaee32cd4c883b944fe77e0b9) Importer(815301076,1909f56bfc062723c751e8b465ee728b)  -> (artifact id: 'cbb546326c628cab724f7a27e5016fef') in 0.005187 seconds
  Import took 0.006998 seconds .

========================================================================
Received Import Request.
  Time since last request: 3.661034 seconds.
  path: Assets/Photon/PhotonUnityNetworking/Demos/Shared Assets/Models
  artifactKey: Guid(5fa329cda4378e445abea9a25d5c7ffe) Importer(815301076,1909f56bfc062723c751e8b465ee728b)
Start importing Assets/Photon/PhotonUnityNetworking/Demos/Shared Assets/Models using Guid(5fa329cda4378e445abea9a25d5c7ffe) Importer(815301076,1909f56bfc062723c751e8b465ee728b)  -> (artifact id: '9be2b98762cf02fa26edf5b367510a0a') in 0.005184 seconds
  Import took 0.008450 seconds .

========================================================================
Received Import Request.
  Time since last request: 0.079631 seconds.
  path: Assets/Photon/PhotonUnityNetworking/Demos/Shared Assets/Models/Pointer.fbx
  artifactKey: Guid(0baebe6c8f51e754a96dd7d4dee9bb4e) Importer(815301076,1909f56bfc062723c751e8b465ee728b)
Start importing Assets/Photon/PhotonUnityNetworking/Demos/Shared Assets/Models/Pointer.fbx using Guid(0baebe6c8f51e754a96dd7d4dee9bb4e) Importer(815301076,1909f56bfc062723c751e8b465ee728b)  -> (artifact id: '09d5f1a0e2dbef903ec4dfd618d2baf5') in 0.164778 seconds
  Import took 0.167921 seconds .

========================================================================
Received Import Request.
  Time since last request: 0.000252 seconds.
  path: Assets/Photon/PhotonUnityNetworking/Demos/Shared Assets/Models/Robot Kyle.fbx
  artifactKey: Guid(320b1c2af77554f99a1658df4a6d3d5c) Importer(815301076,1909f56bfc062723c751e8b465ee728b)
Start importing Assets/Photon/PhotonUnityNetworking/Demos/Shared Assets/Models/Robot Kyle.fbx using Guid(320b1c2af77554f99a1658df4a6d3d5c) Importer(815301076,1909f56bfc062723c751e8b465ee728b)  -> (artifact id: 'dd11d2641a808b916a3c2f484545e1d4') in 0.064743 seconds
  Import took 0.068456 seconds .

========================================================================
Received Import Request.
  Time since last request: 45.791324 seconds.
  path: Assets/Resources/My Robot Kyle.prefab
  artifactKey: Guid(0d4e50e3cccd424409d68aad65279a8a) Importer(815301076,1909f56bfc062723c751e8b465ee728b)
Start importing Assets/Resources/My Robot Kyle.prefab using Guid(0d4e50e3cccd424409d68aad65279a8a) Importer(815301076,1909f56bfc062723c751e8b465ee728b)  -> (artifact id: 'a057d3f004c0fe6314b500b7bc7ecb10') in 0.019065 seconds
  Import took 0.022556 seconds .

========================================================================
Received Import Request.
  Time since last request: 63.067476 seconds.
  path: Assets/Resources/My Robot Kyle.prefab
  artifactKey: Guid(0d4e50e3cccd424409d68aad65279a8a) Importer(815301076,1909f56bfc062723c751e8b465ee728b)
Start importing Assets/Resources/My Robot Kyle.prefab using Guid(0d4e50e3cccd424409d68aad65279a8a) Importer(815301076,1909f56bfc062723c751e8b465ee728b)  -> (artifact id: '7976c5e2da84d836e2014be216c5a432') in 0.012243 seconds
  Import took 0.014583 seconds .

========================================================================
Received Import Request.
  Time since last request: 46.377361 seconds.
  path: Assets/Resources/My Robot Kyle.prefab
  artifactKey: Guid(0d4e50e3cccd424409d68aad65279a8a) Importer(815301076,1909f56bfc062723c751e8b465ee728b)
Start importing Assets/Resources/My Robot Kyle.prefab using Guid(0d4e50e3cccd424409d68aad65279a8a) Importer(815301076,1909f56bfc062723c751e8b465ee728b)  -> (artifact id: '329406ab5389d72e8eba62b14b69424e') in 0.019085 seconds
  Import took 0.022471 seconds .

========================================================================
Received Import Request.
  Time since last request: 57.847817 seconds.
  path: Assets/Scripts/PlayerAnimatorManager.cs
  artifactKey: Guid(c0a51e7760487894fa1474275879f228) Importer(815301076,1909f56bfc062723c751e8b465ee728b)
Start importing Assets/Scripts/PlayerAnimatorManager.cs using Guid(c0a51e7760487894fa1474275879f228) Importer(815301076,1909f56bfc062723c751e8b465ee728b)  -> (artifact id: 'c68ffcd98e8adae515b7dc61a8cc6665') in 0.006465 seconds
  Import took 0.010831 seconds .

========================================================================
Received Prepare
Registering precompiled user dll's ...
Registered in 0.029646 seconds.
Begin MonoManager ReloadAssembly
Native extension for WindowsStandalone target not found
Native extension for WebGL target not found
Refreshing native plugins compatible for Editor in 0.46 ms, found 0 plugins.
Preloading 0 native plugins for Editor in 0.00 ms.
Invoked RoslynAnalysisRunner static constructor.
RoslynAnalysisRunner will not be running.
RoslynAnalysisRunner has terminated.
Mono: successfully reloaded assembly
- Completed reload, in  0.740 seconds
Platform modules already initialized, skipping
Refreshing native plugins compatible for Editor in 0.22 ms, found 0 plugins.
Preloading 0 native plugins for Editor in 0.00 ms.
Unloading 1319 Unused Serialized files (Serialized files now loaded: 0)
System memory in use before: 78.8 MB.
System memory in use after: 78.9 MB.

Unloading 11 unused Assets to reduce memory usage. Loaded Objects now: 1778.
Total: 2.188500 ms (FindLiveObjects: 0.147800 ms CreateObjectMapping: 0.048000 ms MarkObjects: 1.941800 ms  DeleteObjects: 0.050100 ms)

========================================================================
Received Prepare
Registering precompiled user dll's ...
Registered in 0.001277 seconds.
Begin MonoManager ReloadAssembly
Native extension for WindowsStandalone target not found
Native extension for WebGL target not found
Refreshing native plugins compatible for Editor in 0.22 ms, found 0 plugins.
Preloading 0 native plugins for Editor in 0.00 ms.
Invoked RoslynAnalysisRunner static constructor.
RoslynAnalysisRunner will not be running.
RoslynAnalysisRunner has terminated.
Mono: successfully reloaded assembly
- Completed reload, in  0.632 seconds
Platform modules already initialized, skipping
Refreshing native plugins compatible for Editor in 0.22 ms, found 0 plugins.
Preloading 0 native plugins for Editor in 0.00 ms.
Unloading 1319 Unused Serialized files (Serialized files now loaded: 0)
System memory in use before: 79.1 MB.
System memory in use after: 79.1 MB.

Unloading 10 unused Assets to reduce memory usage. Loaded Objects now: 1781.
Total: 4.940000 ms (FindLiveObjects: 0.531800 ms CreateObjectMapping: 0.277200 ms MarkObjects: 4.040900 ms  DeleteObjects: 0.086800 ms)

========================================================================
Received Prepare
Registering precompiled user dll's ...
Registered in 0.001277 seconds.
Begin MonoManager ReloadAssembly
Native extension for WindowsStandalone target not found
Native extension for WebGL target not found
Refreshing native plugins compatible for Editor in 0.22 ms, found 0 plugins.
Preloading 0 native plugins for Editor in 0.00 ms.
Invoked RoslynAnalysisRunner static constructor.
RoslynAnalysisRunner will not be running.
RoslynAnalysisRunner has terminated.
Mono: successfully reloaded assembly
- Completed reload, in  0.629 seconds
Platform modules already initialized, skipping
Refreshing native plugins compatible for Editor in 0.22 ms, found 0 plugins.
Preloading 0 native plugins for Editor in 0.00 ms.
Unloading 1319 Unused Serialized files (Serialized files now loaded: 0)
System memory in use before: 79.3 MB.
System memory in use after: 79.3 MB.

Unloading 10 unused Assets to reduce memory usage. Loaded Objects now: 1784.
Total: 1.608000 ms (FindLiveObjects: 0.245400 ms CreateObjectMapping: 0.082100 ms MarkObjects: 1.239800 ms  DeleteObjects: 0.039500 ms)

========================================================================
Received Prepare
Registering precompiled user dll's ...
Registered in 0.001912 seconds.
Begin MonoManager ReloadAssembly
Native extension for WindowsStandalone target not found
Native extension for WebGL target not found
Refreshing native plugins compatible for Editor in 0.29 ms, found 0 plugins.
Preloading 0 native plugins for Editor in 0.00 ms.
Invoked RoslynAnalysisRunner static constructor.
RoslynAnalysisRunner will not be running.
RoslynAnalysisRunner has terminated.
Mono: successfully reloaded assembly
- Completed reload, in  0.618 seconds
Platform modules already initialized, skipping
Refreshing native plugins compatible for Editor in 0.26 ms, found 0 plugins.
Preloading 0 native plugins for Editor in 0.00 ms.
Unloading 1319 Unused Serialized files (Serialized files now loaded: 0)
System memory in use before: 79.5 MB.
System memory in use after: 79.5 MB.

Unloading 10 unused Assets to reduce memory usage. Loaded Objects now: 1787.
Total: 3.550600 ms (FindLiveObjects: 0.449400 ms CreateObjectMapping: 0.133800 ms MarkObjects: 2.880700 ms  DeleteObjects: 0.083700 ms)

========================================================================
Received Prepare
Registering precompiled user dll's ...
Registered in 0.001290 seconds.
Begin MonoManager ReloadAssembly
Native extension for WindowsStandalone target not found
Native extension for WebGL target not found
Refreshing native plugins compatible for Editor in 0.22 ms, found 0 plugins.
Preloading 0 native plugins for Editor in 0.00 ms.
Invoked RoslynAnalysisRunner static constructor.
RoslynAnalysisRunner will not be running.
RoslynAnalysisRunner has terminated.
Mono: successfully reloaded assembly
- Completed reload, in  0.633 seconds
Platform modules already initialized, skipping
Refreshing native plugins compatible for Editor in 0.21 ms, found 0 plugins.
Preloading 0 native plugins for Editor in 0.00 ms.
Unloading 1319 Unused Serialized files (Serialized files now loaded: 0)
System memory in use before: 79.5 MB.
System memory in use after: 79.6 MB.

Unloading 10 unused Assets to reduce memory usage. Loaded Objects now: 1790.
Total: 1.515400 ms (FindLiveObjects: 0.128200 ms CreateObjectMapping: 0.035400 ms MarkObjects: 1.315200 ms  DeleteObjects: 0.035900 ms)

========================================================================
Received Import Request.
  Time since last request: 1363.986338 seconds.
  path: Assets/Materials
  artifactKey: Guid(c213689a9bf7e3148b7fab46fcff6f7f) Importer(815301076,1909f56bfc062723c751e8b465ee728b)
Start importing Assets/Materials using Guid(c213689a9bf7e3148b7fab46fcff6f7f) Importer(815301076,1909f56bfc062723c751e8b465ee728b)  -> (artifact id: '34622f7bbb221767e3409ad4cae0f537') in 0.007263 seconds
  Import took 0.010416 seconds .

========================================================================
Received Import Request.
  Time since last request: 8.196878 seconds.
  path: Assets/Materials/Red Beam.mat
  artifactKey: Guid(75d132683c48dbd498bf3e889603af7e) Importer(815301076,1909f56bfc062723c751e8b465ee728b)
Start importing Assets/Materials/Red Beam.mat using Guid(75d132683c48dbd498bf3e889603af7e) Importer(815301076,1909f56bfc062723c751e8b465ee728b)  -> (artifact id: '14ae68ab907232e9d16e3cc02679cdc5') in 0.061695 seconds
  Import took 0.063702 seconds .

========================================================================
Received Import Request.
  Time since last request: 16.559359 seconds.
  path: Assets/Materials/Red Beam.mat
  artifactKey: Guid(75d132683c48dbd498bf3e889603af7e) Importer(815301076,1909f56bfc062723c751e8b465ee728b)
Start importing Assets/Materials/Red Beam.mat using Guid(75d132683c48dbd498bf3e889603af7e) Importer(815301076,1909f56bfc062723c751e8b465ee728b)  -> (artifact id: 'ec07f2c1e306072db9a8e89474d9ffc4') in 0.008920 seconds
  Import took 0.011943 seconds .

========================================================================
Received Import Request.
  Time since last request: 65.577164 seconds.
  path: Assets/Scripts/PlayerManager.cs
  artifactKey: Guid(7001269a1f88b0647b3b0e39cd9843dc) Importer(815301076,1909f56bfc062723c751e8b465ee728b)
Start importing Assets/Scripts/PlayerManager.cs using Guid(7001269a1f88b0647b3b0e39cd9843dc) Importer(815301076,1909f56bfc062723c751e8b465ee728b)  -> (artifact id: '39335d52f80664fa016bcac311d905a7') in 0.006284 seconds
  Import took 0.009278 seconds .

========================================================================
Received Prepare
Registering precompiled user dll's ...
Registered in 0.001306 seconds.
Begin MonoManager ReloadAssembly
Native extension for WindowsStandalone target not found
Native extension for WebGL target not found
Refreshing native plugins compatible for Editor in 0.22 ms, found 0 plugins.
Preloading 0 native plugins for Editor in 0.00 ms.
Invoked RoslynAnalysisRunner static constructor.
RoslynAnalysisRunner will not be running.
RoslynAnalysisRunner has terminated.
Mono: successfully reloaded assembly
- Completed reload, in  0.674 seconds
Platform modules already initialized, skipping
Refreshing native plugins compatible for Editor in 0.24 ms, found 0 plugins.
Preloading 0 native plugins for Editor in 0.00 ms.
Unloading 1320 Unused Serialized files (Serialized files now loaded: 0)
System memory in use before: 80.0 MB.
System memory in use after: 80.1 MB.

Unloading 10 unused Assets to reduce memory usage. Loaded Objects now: 1828.
Total: 1.474700 ms (FindLiveObjects: 0.206700 ms CreateObjectMapping: 0.077700 ms MarkObjects: 1.144400 ms  DeleteObjects: 0.044500 ms)

========================================================================
Received Prepare
Registering precompiled user dll's ...
Registered in 0.001279 seconds.
Begin MonoManager ReloadAssembly
Native extension for WindowsStandalone target not found
Native extension for WebGL target not found
Refreshing native plugins compatible for Editor in 0.22 ms, found 0 plugins.
Preloading 0 native plugins for Editor in 0.00 ms.
Invoked RoslynAnalysisRunner static constructor.
RoslynAnalysisRunner will not be running.
RoslynAnalysisRunner has terminated.
Mono: successfully reloaded assembly
- Completed reload, in  0.621 seconds
Platform modules already initialized, skipping
Refreshing native plugins compatible for Editor in 0.22 ms, found 0 plugins.
Preloading 0 native plugins for Editor in 0.00 ms.
Unloading 1320 Unused Serialized files (Serialized files now loaded: 0)
System memory in use before: 80.2 MB.
System memory in use after: 80.3 MB.

Unloading 10 unused Assets to reduce memory usage. Loaded Objects now: 1831.
Total: 1.515600 ms (FindLiveObjects: 0.153500 ms CreateObjectMapping: 0.033500 ms MarkObjects: 1.285100 ms  DeleteObjects: 0.042600 ms)

========================================================================
Received Import Request.
  Time since last request: 191.652078 seconds.
  path: Assets/Scripts/PlayerManager.cs
  artifactKey: Guid(7001269a1f88b0647b3b0e39cd9843dc) Importer(815301076,1909f56bfc062723c751e8b465ee728b)
Start importing Assets/Scripts/PlayerManager.cs using Guid(7001269a1f88b0647b3b0e39cd9843dc) Importer(815301076,1909f56bfc062723c751e8b465ee728b)  -> (artifact id: '6c5bae4f29efcf0ec5f2f1f23ec325a5') in 0.005018 seconds
  Import took 0.007397 seconds .

========================================================================
Received Prepare
Registering precompiled user dll's ...
Registered in 0.001275 seconds.
Begin MonoManager ReloadAssembly
Native extension for WindowsStandalone target not found
Native extension for WebGL target not found
Refreshing native plugins compatible for Editor in 0.24 ms, found 0 plugins.
Preloading 0 native plugins for Editor in 0.00 ms.
Invoked RoslynAnalysisRunner static constructor.
RoslynAnalysisRunner will not be running.
RoslynAnalysisRunner has terminated.
Mono: successfully reloaded assembly
- Completed reload, in  0.595 seconds
Platform modules already initialized, skipping
Refreshing native plugins compatible for Editor in 0.23 ms, found 0 plugins.
Preloading 0 native plugins for Editor in 0.00 ms.
Unloading 1320 Unused Serialized files (Serialized files now loaded: 0)
System memory in use before: 80.4 MB.
System memory in use after: 80.5 MB.

Unloading 10 unused Assets to reduce memory usage. Loaded Objects now: 1834.
Total: 1.475100 ms (FindLiveObjects: 0.179100 ms CreateObjectMapping: 0.056000 ms MarkObjects: 1.198100 ms  DeleteObjects: 0.040900 ms)

========================================================================
Received Import Request.
  Time since last request: 81.580634 seconds.
  path: Assets/Scripts/PlayerAnimatorManager.cs
  artifactKey: Guid(c0a51e7760487894fa1474275879f228) Importer(815301076,1909f56bfc062723c751e8b465ee728b)
Start importing Assets/Scripts/PlayerAnimatorManager.cs using Guid(c0a51e7760487894fa1474275879f228) Importer(815301076,1909f56bfc062723c751e8b465ee728b)  -> (artifact id: '01baa1459d2af0c12ebb182cc3d30462') in 0.006792 seconds
  Import took 0.008599 seconds .

========================================================================
Received Import Request.
  Time since last request: 0.022832 seconds.
  path: Assets/Scripts/PlayerAnimatorManager.cs
  artifactKey: Guid(c0a51e7760487894fa1474275879f228) Importer(815301076,1909f56bfc062723c751e8b465ee728b)
Start importing Assets/Scripts/PlayerAnimatorManager.cs using Guid(c0a51e7760487894fa1474275879f228) Importer(815301076,1909f56bfc062723c751e8b465ee728b)  -> (artifact id: '01baa1459d2af0c12ebb182cc3d30462') in 0.001830 seconds
  Import took 0.003598 seconds .

========================================================================
Received Prepare
Registering precompiled user dll's ...
Registered in 0.001342 seconds.
Begin MonoManager ReloadAssembly
Native extension for WindowsStandalone target not found
Native extension for WebGL target not found
Refreshing native plugins compatible for Editor in 0.21 ms, found 0 plugins.
Preloading 0 native plugins for Editor in 0.00 ms.
Invoked RoslynAnalysisRunner static constructor.
RoslynAnalysisRunner will not be running.
RoslynAnalysisRunner has terminated.
Mono: successfully reloaded assembly
- Completed reload, in  0.631 seconds
Platform modules already initialized, skipping
Refreshing native plugins compatible for Editor in 0.22 ms, found 0 plugins.
Preloading 0 native plugins for Editor in 0.00 ms.
Unloading 1320 Unused Serialized files (Serialized files now loaded: 0)
System memory in use before: 80.6 MB.
System memory in use after: 80.7 MB.

Unloading 10 unused Assets to reduce memory usage. Loaded Objects now: 1837.
Total: 5.915000 ms (FindLiveObjects: 0.470200 ms CreateObjectMapping: 0.149000 ms MarkObjects: 5.139700 ms  DeleteObjects: 0.152500 ms)

========================================================================
Received Import Request.
  Time since last request: 1704.703189 seconds.
  path: Assets/Scripts/PlayerAnimatorManager.cs
  artifactKey: Guid(c0a51e7760487894fa1474275879f228) Importer(815301076,1909f56bfc062723c751e8b465ee728b)
Start importing Assets/Scripts/PlayerAnimatorManager.cs using Guid(c0a51e7760487894fa1474275879f228) Importer(815301076,1909f56bfc062723c751e8b465ee728b)  -> (artifact id: 'd8514da4c0e58d9207c03a3251948e5e') in 0.012267 seconds
  Import took 0.018714 seconds .

========================================================================
Received Prepare
Registering precompiled user dll's ...
Registered in 0.001481 seconds.
Begin MonoManager ReloadAssembly
Native extension for WindowsStandalone target not found
Native extension for WebGL target not found
Refreshing native plugins compatible for Editor in 0.21 ms, found 0 plugins.
Preloading 0 native plugins for Editor in 0.00 ms.
Invoked RoslynAnalysisRunner static constructor.
RoslynAnalysisRunner will not be running.
RoslynAnalysisRunner has terminated.
Mono: successfully reloaded assembly
- Completed reload, in  0.613 seconds
Platform modules already initialized, skipping
Refreshing native plugins compatible for Editor in 0.22 ms, found 0 plugins.
Preloading 0 native plugins for Editor in 0.00 ms.
Unloading 1320 Unused Serialized files (Serialized files now loaded: 0)
System memory in use before: 80.7 MB.
System memory in use after: 80.8 MB.

Unloading 10 unused Assets to reduce memory usage. Loaded Objects now: 1840.
Total: 1.463200 ms (FindLiveObjects: 0.208300 ms CreateObjectMapping: 0.058300 ms MarkObjects: 1.155500 ms  DeleteObjects: 0.040200 ms)

========================================================================
Received Import Request.
  Time since last request: 2031.110948 seconds.
  path: Assets/Scripts/GameManager.cs
  artifactKey: Guid(8c557723e13c16b49a46d7e017d56427) Importer(815301076,1909f56bfc062723c751e8b465ee728b)
Start importing Assets/Scripts/GameManager.cs using Guid(8c557723e13c16b49a46d7e017d56427) Importer(815301076,1909f56bfc062723c751e8b465ee728b)  -> (artifact id: 'b1427029222f09f233a90b4df9477160') in 0.006654 seconds
  Import took 0.008740 seconds .

========================================================================
Received Import Request.
  Time since last request: 1049.639263 seconds.
  path: Assets/Scripts/CameraWork.cs
  artifactKey: Guid(69ff2705ad874db41934163158cb06fc) Importer(815301076,1909f56bfc062723c751e8b465ee728b)
Start importing Assets/Scripts/CameraWork.cs using Guid(69ff2705ad874db41934163158cb06fc) Importer(815301076,1909f56bfc062723c751e8b465ee728b)  -> (artifact id: '5cc08ae2587785e07dce7c928acffd36') in 0.006370 seconds
  Import took 0.009239 seconds .

========================================================================
Received Prepare
Registering precompiled user dll's ...
Registered in 0.063473 seconds.
Begin MonoManager ReloadAssembly
Native extension for WindowsStandalone target not found
Native extension for WebGL target not found
Refreshing native plugins compatible for Editor in 0.24 ms, found 0 plugins.
Preloading 0 native plugins for Editor in 0.00 ms.
Invoked RoslynAnalysisRunner static constructor.
RoslynAnalysisRunner will not be running.
RoslynAnalysisRunner has terminated.
Mono: successfully reloaded assembly
- Completed reload, in  0.762 seconds
Platform modules already initialized, skipping
Refreshing native plugins compatible for Editor in 0.21 ms, found 0 plugins.
Preloading 0 native plugins for Editor in 0.00 ms.
Unloading 1321 Unused Serialized files (Serialized files now loaded: 0)
System memory in use before: 80.1 MB.
System memory in use after: 80.1 MB.

Unloading 10 unused Assets to reduce memory usage. Loaded Objects now: 1844.
Total: 1.653900 ms (FindLiveObjects: 0.143800 ms CreateObjectMapping: 0.046200 ms MarkObjects: 1.410200 ms  DeleteObjects: 0.052700 ms)

========================================================================
Received Prepare
Registering precompiled user dll's ...
Registered in 0.001371 seconds.
Begin MonoManager ReloadAssembly
Native extension for WindowsStandalone target not found
Native extension for WebGL target not found
Refreshing native plugins compatible for Editor in 0.27 ms, found 0 plugins.
Preloading 0 native plugins for Editor in 0.00 ms.
Invoked RoslynAnalysisRunner static constructor.
RoslynAnalysisRunner will not be running.
RoslynAnalysisRunner has terminated.
Mono: successfully reloaded assembly
- Completed reload, in  0.723 seconds
Platform modules already initialized, skipping
Refreshing native plugins compatible for Editor in 0.24 ms, found 0 plugins.
Preloading 0 native plugins for Editor in 0.00 ms.
Unloading 1321 Unused Serialized files (Serialized files now loaded: 0)
System memory in use before: 80.3 MB.
System memory in use after: 80.3 MB.

Unloading 10 unused Assets to reduce memory usage. Loaded Objects now: 1847.
Total: 1.568000 ms (FindLiveObjects: 0.179500 ms CreateObjectMapping: 0.075100 ms MarkObjects: 1.264400 ms  DeleteObjects: 0.047900 ms)

========================================================================
Received Prepare
Registering precompiled user dll's ...
Registered in 0.001597 seconds.
Begin MonoManager ReloadAssembly
Native extension for WindowsStandalone target not found
Native extension for WebGL target not found
Refreshing native plugins compatible for Editor in 0.26 ms, found 0 plugins.
Preloading 0 native plugins for Editor in 0.00 ms.
Invoked RoslynAnalysisRunner static constructor.
RoslynAnalysisRunner will not be running.
RoslynAnalysisRunner has terminated.
Mono: successfully reloaded assembly
- Completed reload, in  0.720 seconds
Platform modules already initialized, skipping
Refreshing native plugins compatible for Editor in 0.21 ms, found 0 plugins.
Preloading 0 native plugins for Editor in 0.00 ms.
Unloading 1321 Unused Serialized files (Serialized files now loaded: 0)
System memory in use before: 80.5 MB.
System memory in use after: 80.5 MB.

Unloading 10 unused Assets to reduce memory usage. Loaded Objects now: 1850.
Total: 1.268900 ms (FindLiveObjects: 0.142300 ms CreateObjectMapping: 0.051500 ms MarkObjects: 1.038100 ms  DeleteObjects: 0.036300 ms)

========================================================================
Received Prepare
Registering precompiled user dll's ...
Registered in 0.001273 seconds.
Begin MonoManager ReloadAssembly
Native extension for WindowsStandalone target not found
Native extension for WebGL target not found
Refreshing native plugins compatible for Editor in 0.22 ms, found 0 plugins.
Preloading 0 native plugins for Editor in 0.00 ms.
Invoked RoslynAnalysisRunner static constructor.
RoslynAnalysisRunner will not be running.
RoslynAnalysisRunner has terminated.
Mono: successfully reloaded assembly
- Completed reload, in  0.649 seconds
Platform modules already initialized, skipping
Refreshing native plugins compatible for Editor in 0.21 ms, found 0 plugins.
Preloading 0 native plugins for Editor in 0.00 ms.
Unloading 1321 Unused Serialized files (Serialized files now loaded: 0)
System memory in use before: 80.7 MB.
System memory in use after: 80.7 MB.

Unloading 10 unused Assets to reduce memory usage. Loaded Objects now: 1853.
Total: 1.565300 ms (FindLiveObjects: 0.160100 ms CreateObjectMapping: 0.045300 ms MarkObjects: 1.314900 ms  DeleteObjects: 0.044200 ms)

========================================================================
Received Prepare
Registering precompiled user dll's ...
Registered in 0.001657 seconds.
Begin MonoManager ReloadAssembly
Native extension for WindowsStandalone target not found
Native extension for WebGL target not found
Refreshing native plugins compatible for Editor in 0.22 ms, found 0 plugins.
Preloading 0 native plugins for Editor in 0.00 ms.
Invoked RoslynAnalysisRunner static constructor.
RoslynAnalysisRunner will not be running.
RoslynAnalysisRunner has terminated.
Mono: successfully reloaded assembly
- Completed reload, in  0.630 seconds
Platform modules already initialized, skipping
Refreshing native plugins compatible for Editor in 0.22 ms, found 0 plugins.
Preloading 0 native plugins for Editor in 0.00 ms.
Unloading 1321 Unused Serialized files (Serialized files now loaded: 0)
System memory in use before: 80.8 MB.
System memory in use after: 80.9 MB.

Unloading 10 unused Assets to reduce memory usage. Loaded Objects now: 1856.
Total: 1.501800 ms (FindLiveObjects: 0.144900 ms CreateObjectMapping: 0.042200 ms MarkObjects: 1.273800 ms  DeleteObjects: 0.040100 ms)

========================================================================
Received Import Request.
  Time since last request: 10316.753979 seconds.
  path: Assets/Prefabs/Game Manager.prefab
  artifactKey: Guid(8406c2854edc1d4409d4fe7681afe51a) Importer(815301076,1909f56bfc062723c751e8b465ee728b)
Start importing Assets/Prefabs/Game Manager.prefab using Guid(8406c2854edc1d4409d4fe7681afe51a) Importer(815301076,1909f56bfc062723c751e8b465ee728b)  -> (artifact id: '68ed16eef1af92be876893b76e12fd36') in 0.024138 seconds
  Import took 0.027018 seconds .

========================================================================
Received Import Request.
  Time since last request: 14.073046 seconds.
  path: Assets/Resources/My Robot Kyle.prefab
  artifactKey: Guid(0d4e50e3cccd424409d68aad65279a8a) Importer(815301076,1909f56bfc062723c751e8b465ee728b)
Start importing Assets/Resources/My Robot Kyle.prefab using Guid(0d4e50e3cccd424409d68aad65279a8a) Importer(815301076,1909f56bfc062723c751e8b465ee728b)  -> (artifact id: 'fa864574211838999246f34efd5e2fc2') in 0.108034 seconds
  Import took 0.111578 seconds .

========================================================================
Received Import Request.
  Time since last request: 43.012674 seconds.
  path: Assets/Resources
  artifactKey: Guid(82b99a578238b19478753aa9124bcecb) Importer(815301076,1909f56bfc062723c751e8b465ee728b)
Start importing Assets/Resources using Guid(82b99a578238b19478753aa9124bcecb) Importer(815301076,1909f56bfc062723c751e8b465ee728b)  -> (artifact id: '4e8cb751b6a4001e964e8f564bbe79c9') in 0.005289 seconds
  Import took 0.008189 seconds .

========================================================================
Received Import Request.
  Time since last request: 9.505335 seconds.
  path: Assets/Prefabs/Game Manager.prefab
  artifactKey: Guid(8406c2854edc1d4409d4fe7681afe51a) Importer(815301076,1909f56bfc062723c751e8b465ee728b)
Start importing Assets/Prefabs/Game Manager.prefab using Guid(8406c2854edc1d4409d4fe7681afe51a) Importer(815301076,1909f56bfc062723c751e8b465ee728b)  -> (artifact id: '35ce00f5a227ba3ab667a6f67b9d8489') in 0.005565 seconds
  Import took 0.009743 seconds .

